<?xml version="1.0" encoding="UTF-8"?>
<testng-results ignored="0" total="1" passed="1" failed="0" skipped="0">
  <reporter-output>
  </reporter-output>
  <suite started-at="2023-02-14T15:58:07 IST" name="Default suite" finished-at="2023-02-14T15:58:21 IST" duration-ms="13878">
    <groups>
    </groups>
    <test started-at="2023-02-14T15:58:07 IST" name="Default test" finished-at="2023-02-14T15:58:21 IST" duration-ms="13878">
      <class name="testCases.Login">
        <test-method is-config="true" signature="beforetest()[pri:0, instance:testCases.Login@78830d9a]" started-at="2023-02-14T15:58:07 IST" name="beforetest" finished-at="2023-02-14T15:58:14 IST" duration-ms="6389" status="PASS">
          <reporter-output>
          </reporter-output>
        </test-method> <!-- beforetest -->
        <test-method signature="loginoperation()[pri:1, instance:testCases.Login@78830d9a]" started-at="2023-02-14T15:58:14 IST" name="loginoperation" finished-at="2023-02-14T15:58:20 IST" duration-ms="6461" status="PASS">
          <reporter-output>
          </reporter-output>
        </test-method> <!-- loginoperation -->
        <test-method is-config="true" signature="aftertest()[pri:0, instance:testCases.Login@78830d9a]" started-at="2023-02-14T15:58:20 IST" name="aftertest" finished-at="2023-02-14T15:58:21 IST" duration-ms="665" status="PASS">
          <reporter-output>
          </reporter-output>
        </test-method> <!-- aftertest -->
      </class> <!-- testCases.Login -->
    </test> <!-- Default test -->
  </suite> <!-- Default suite -->
</testng-results>
